0 info it worked if it ends with ok
1 verbose cli [ '/home/ubuntu/.nvm/versions/node/v4.7.3/bin/node',
1 verbose cli   '/home/ubuntu/.nvm/versions/node/v4.7.3/bin/npm',
1 verbose cli   'publish' ]
2 info using npm@2.15.11
3 info using node@v4.7.3
4 verbose publish [ '.' ]
5 silly cache add args [ '.', null ]
6 verbose cache add spec .
7 silly cache add parsed spec Result {
7 silly cache add   raw: '.',
7 silly cache add   scope: null,
7 silly cache add   name: null,
7 silly cache add   rawSpec: '.',
7 silly cache add   spec: '/home/ubuntu/workspace',
7 silly cache add   type: 'directory' }
8 verbose addLocalDirectory /home/ubuntu/.npm/blockstarter/0.1.20/package.tgz not in flight; packing
9 verbose correctMkdir /home/ubuntu/.npm correctMkdir not in flight; initializing
10 verbose tar pack [ '/home/ubuntu/.npm/blockstarter/0.1.20/package.tgz',
10 verbose tar pack   '/home/ubuntu/workspace' ]
11 verbose tarball /home/ubuntu/.npm/blockstarter/0.1.20/package.tgz
12 verbose folder /home/ubuntu/workspace
13 info prepublish blockstarter@0.1.20
14 verbose addLocalTarball adding from inside cache /home/ubuntu/.npm/blockstarter/0.1.20/package.tgz
15 verbose correctMkdir /home/ubuntu/.npm correctMkdir not in flight; initializing
16 silly cache afterAdd blockstarter@0.1.20
17 verbose afterAdd /home/ubuntu/.npm/blockstarter/0.1.20/package/package.json not in flight; writing
18 verbose correctMkdir /home/ubuntu/.npm correctMkdir not in flight; initializing
19 verbose afterAdd /home/ubuntu/.npm/blockstarter/0.1.20/package/package.json written
20 silly publish { devDependencies: {},
20 silly publish   dependencies:
20 silly publish    { ws: '^3.0.0',
20 silly publish      wif: '^2.0.1',
20 silly publish      'slack-webhook': '^1.0.0',
20 silly publish      'secure-random': '^1.1.1',
20 silly publish      request: '^2.81.0',
20 silly publish      'prelude-ls': '^1.1.2',
20 silly publish      npm: '^4.6.1',
20 silly publish      md5: '^2.2.1',
20 silly publish      'blockchain.info': '^2.8.0',
20 silly publish      'bitcore-message': '^1.0.4',
20 silly publish      'bitcore-lib': '^0.14.0',
20 silly publish      'bitcoinjs-lib': '^3.0.3',
20 silly publish      'bitcoin-address': '^0.3.0',
20 silly publish      bip38: '^2.0.1',
20 silly publish      'big.js': '^3.1.3',
20 silly publish      'big-number': '^0.4.0',
20 silly publish      cheerio: '^0.22.0',
20 silly publish      coininfo: '^1.0.0',
20 silly publish      coinkey: '^2.0.0',
20 silly publish      crypto2: '^0.3.2',
20 silly publish      'ethereumjs-util': '^5.1.1',
20 silly publish      expect: '^1.20.2',
20 silly publish      firebase: '^4.0.0',
20 silly publish      install: '^0.10.1' },
20 silly publish   main: './lib/main.js',
20 silly publish   description: 'BlockStarter ICO helper',
20 silly publish   subversion: 20,
20 silly publish   uperversion: '0.1',
20 silly publish   version: '0.1.20',
20 silly publish   homepage: 'https://github.com/blockstarter/blockstarter#readme',
20 silly publish   bugs: { url: 'https://github.com/blockstarter/blockstarter/issues' },
20 silly publish   license: 'ISC',
20 silly publish   author: { name: 'Blockstarter.co' },
20 silly publish   keywords: [ 'bitcoin', 'blockchain', 'ico' ],
20 silly publish   repository:
20 silly publish    { type: 'git',
20 silly publish      url: 'git+https://github.com/blockstarter/blockstarter.git' },
20 silly publish   scripts:
20 silly publish    { test: 'npm run main && mocha',
20 silly publish      main: 'fs \'src/**/*.ls\' | replace \'src\',\'\' | replace \'.ls\',\'\' | map \'lsc -cp ./src*.ls > .*.js\' | bash' },
20 silly publish   name: 'blockstarter',
20 silly publish   readme: 'BlockStarter ICO helper\n\nInstall \n\n```\nnpm i blockstarter\n```\n\nUsage\n\n```Javascript\n\nvar blockstarter = require(\'blockstarter\');\n\n//balences\nblockstarter.balance.btc("BTC_PUBLIC_ADDRESS", (amount)=> {\n   console.log(amount.toString());\n})\n   \nblockstarter.balance.ltc("BTC_PUBLIC_ADDRESS", (amount)=> {\n   console.log(amount.toString());\n})\n\nblockstarter.balance.eth("BTC_PUBLIC_ADDRESS", (amount)=>{\n   console.log(amount.toString());\n})\n\n\n//rates\nblockstarter.rate.btc( (usd)=> {\n   console.log(usd);\n})\n   \nblockstarter.rate.ltc( (usd)=>{\n   console.log(usd);\n})\n   \nblockstarter.rate.eth( (usd)=>{\n   console.log(usd);\n})\n```\n\n\nMore info\n```\nPlease check out `test` folder\n```\n',
20 silly publish   readmeFilename: 'README.md',
20 silly publish   gitHead: 'd1fcd7a8277690a5527fc6aa5d9afbe80493c381',
20 silly publish   _id: 'blockstarter@0.1.20',
20 silly publish   _shasum: 'aea33a8dad3b2250b8a49bf163bb84c5b735fc90',
20 silly publish   _from: '.' }
21 verbose getPublishConfig undefined
22 silly mapToRegistry name blockstarter
23 silly mapToRegistry using default registry
24 silly mapToRegistry registry https://registry.npmjs.org/
25 silly mapToRegistry data Result {
25 silly mapToRegistry   raw: 'blockstarter',
25 silly mapToRegistry   scope: null,
25 silly mapToRegistry   name: 'blockstarter',
25 silly mapToRegistry   rawSpec: '',
25 silly mapToRegistry   spec: 'latest',
25 silly mapToRegistry   type: 'tag' }
26 silly mapToRegistry uri https://registry.npmjs.org/blockstarter
27 verbose publish registryBase https://registry.npmjs.org/
28 silly publish uploading /home/ubuntu/.npm/blockstarter/0.1.20/package.tgz
29 verbose request uri https://registry.npmjs.org/blockstarter
30 verbose request sending authorization for write operation
31 info attempt registry request try #1 at 3:11:31 PM
32 verbose request using bearer token for auth
33 verbose request id 011141ec6c9f2645
34 http request PUT https://registry.npmjs.org/blockstarter
35 http 403 https://registry.npmjs.org/blockstarter
36 verbose headers { 'content-type': 'application/json',
36 verbose headers   'cache-control': 'max-age=300',
36 verbose headers   'content-length': '96',
36 verbose headers   'accept-ranges': 'bytes',
36 verbose headers   date: 'Tue, 30 May 2017 15:11:33 GMT',
36 verbose headers   via: '1.1 varnish',
36 verbose headers   connection: 'keep-alive',
36 verbose headers   'x-served-by': 'cache-lcy1121-LCY',
36 verbose headers   'x-cache': 'MISS',
36 verbose headers   'x-cache-hits': '0',
36 verbose headers   'x-timer': 'S1496157092.918425,VS0,VE1447',
36 verbose headers   vary: 'Accept-Encoding' }
37 verbose request invalidating /home/ubuntu/.npm/registry.npmjs.org/blockstarter on PUT
38 error publish Failed PUT 403
39 verbose stack Error: "You cannot publish over the previously published version 0.1.20." : blockstarter
39 verbose stack     at makeError (/home/ubuntu/.nvm/versions/node/v4.7.3/lib/node_modules/npm/node_modules/npm-registry-client/lib/request.js:302:12)
39 verbose stack     at CachingRegistryClient.<anonymous> (/home/ubuntu/.nvm/versions/node/v4.7.3/lib/node_modules/npm/node_modules/npm-registry-client/lib/request.js:290:14)
39 verbose stack     at Request._callback (/home/ubuntu/.nvm/versions/node/v4.7.3/lib/node_modules/npm/node_modules/npm-registry-client/lib/request.js:210:14)
39 verbose stack     at Request.self.callback (/home/ubuntu/.nvm/versions/node/v4.7.3/lib/node_modules/npm/node_modules/request/request.js:187:22)
39 verbose stack     at emitTwo (events.js:87:13)
39 verbose stack     at Request.emit (events.js:172:7)
39 verbose stack     at Request.<anonymous> (/home/ubuntu/.nvm/versions/node/v4.7.3/lib/node_modules/npm/node_modules/request/request.js:1044:10)
39 verbose stack     at emitOne (events.js:77:13)
39 verbose stack     at Request.emit (events.js:169:7)
39 verbose stack     at IncomingMessage.<anonymous> (/home/ubuntu/.nvm/versions/node/v4.7.3/lib/node_modules/npm/node_modules/request/request.js:965:12)
40 verbose statusCode 403
41 verbose pkgid blockstarter
42 verbose cwd /home/ubuntu/workspace
43 error Linux 4.9.17-c9
44 error argv "/home/ubuntu/.nvm/versions/node/v4.7.3/bin/node" "/home/ubuntu/.nvm/versions/node/v4.7.3/bin/npm" "publish"
45 error node v4.7.3
46 error npm  v2.15.11
47 error code E403
48 error "You cannot publish over the previously published version 0.1.20." : blockstarter
49 error If you need help, you may report this error at:
49 error     <https://github.com/npm/npm/issues>
50 verbose exit [ 1, true ]
